0 info it worked if it ends with ok
1 verbose cli [ '/usr/bin/nodejs', '/usr/bin/npm', 'publish', './' ]
2 info using npm@1.3.10
3 info using node@v0.10.25
4 verbose publish [ './' ]
5 verbose cache add [ './', null ]
6 verbose cache add name=undefined spec="./" args=["./",null]
7 verbose parsed url { protocol: null,
7 verbose parsed url   slashes: null,
7 verbose parsed url   auth: null,
7 verbose parsed url   host: null,
7 verbose parsed url   port: null,
7 verbose parsed url   hostname: null,
7 verbose parsed url   hash: null,
7 verbose parsed url   search: null,
7 verbose parsed url   query: null,
7 verbose parsed url   pathname: './',
7 verbose parsed url   path: './',
7 verbose parsed url   href: './' }
8 silly lockFile 0ee6c175- ./
9 verbose lock ./ /home/buu700/.npm/0ee6c175-.lock
10 verbose tar pack [ '/home/buu700/tmp/npm-11443-Lkv7h3MS/1407287016398-0.9511162689886987/tmp.tgz',
10 verbose tar pack   './' ]
11 verbose tarball /home/buu700/tmp/npm-11443-Lkv7h3MS/1407287016398-0.9511162689886987/tmp.tgz
12 verbose folder ./
13 silly lockFile 04cb2bca-tar tar://./
14 verbose lock tar://./ /home/buu700/.npm/04cb2bca-tar.lock
15 silly lockFile f8f728c0-16398-0-9511162689886987-tmp-tgz tar:///home/buu700/tmp/npm-11443-Lkv7h3MS/1407287016398-0.9511162689886987/tmp.tgz
16 verbose lock tar:///home/buu700/tmp/npm-11443-Lkv7h3MS/1407287016398-0.9511162689886987/tmp.tgz /home/buu700/.npm/f8f728c0-16398-0-9511162689886987-tmp-tgz.lock
17 silly lockFile 04cb2bca-tar tar://./
18 silly lockFile 04cb2bca-tar tar://./
19 silly lockFile f8f728c0-16398-0-9511162689886987-tmp-tgz tar:///home/buu700/tmp/npm-11443-Lkv7h3MS/1407287016398-0.9511162689886987/tmp.tgz
20 silly lockFile f8f728c0-16398-0-9511162689886987-tmp-tgz tar:///home/buu700/tmp/npm-11443-Lkv7h3MS/1407287016398-0.9511162689886987/tmp.tgz
21 verbose tar unpack /home/buu700/tmp/npm-11443-Lkv7h3MS/1407287016398-0.9511162689886987/tmp.tgz
22 silly lockFile 34310ab8-16398-0-9511162689886987-package tar:///home/buu700/tmp/npm-11443-Lkv7h3MS/1407287016398-0.9511162689886987/package
23 verbose lock tar:///home/buu700/tmp/npm-11443-Lkv7h3MS/1407287016398-0.9511162689886987/package /home/buu700/.npm/34310ab8-16398-0-9511162689886987-package.lock
24 silly lockFile f8f728c0-16398-0-9511162689886987-tmp-tgz tar:///home/buu700/tmp/npm-11443-Lkv7h3MS/1407287016398-0.9511162689886987/tmp.tgz
25 verbose lock tar:///home/buu700/tmp/npm-11443-Lkv7h3MS/1407287016398-0.9511162689886987/tmp.tgz /home/buu700/.npm/f8f728c0-16398-0-9511162689886987-tmp-tgz.lock
26 silly gunzTarPerm modes [ '755', '644' ]
27 silly gunzTarPerm extractEntry package.json
28 silly gunzTarPerm modified mode [ 'package.json', 511, 493 ]
29 silly gunzTarPerm extractEntry README.md
30 silly gunzTarPerm modified mode [ 'README.md', 511, 493 ]
31 silly gunzTarPerm extractEntry LICENSE
32 silly gunzTarPerm modified mode [ 'LICENSE', 511, 493 ]
33 silly gunzTarPerm extractEntry simplebtc-cli.js
34 silly gunzTarPerm modified mode [ 'simplebtc-cli.js', 511, 493 ]
35 silly gunzTarPerm extractEntry simplebtc-complete.js
36 silly gunzTarPerm modified mode [ 'simplebtc-complete.js', 511, 493 ]
37 silly gunzTarPerm extractEntry simplebtc-complete.min.js
38 silly gunzTarPerm modified mode [ 'simplebtc-complete.min.js', 511, 493 ]
39 silly gunzTarPerm extractEntry simplebtc.js
40 silly gunzTarPerm modified mode [ 'simplebtc.js', 511, 493 ]
41 silly gunzTarPerm extractEntry deploy.sh
42 silly gunzTarPerm modified mode [ 'deploy.sh', 511, 493 ]
43 silly lockFile 34310ab8-16398-0-9511162689886987-package tar:///home/buu700/tmp/npm-11443-Lkv7h3MS/1407287016398-0.9511162689886987/package
44 silly lockFile 34310ab8-16398-0-9511162689886987-package tar:///home/buu700/tmp/npm-11443-Lkv7h3MS/1407287016398-0.9511162689886987/package
45 silly lockFile f8f728c0-16398-0-9511162689886987-tmp-tgz tar:///home/buu700/tmp/npm-11443-Lkv7h3MS/1407287016398-0.9511162689886987/tmp.tgz
46 silly lockFile f8f728c0-16398-0-9511162689886987-tmp-tgz tar:///home/buu700/tmp/npm-11443-Lkv7h3MS/1407287016398-0.9511162689886987/tmp.tgz
47 verbose tar pack [ '/home/buu700/.npm/simplebtc/0.5.5/package.tgz',
47 verbose tar pack   '/home/buu700/tmp/npm-11443-Lkv7h3MS/1407287016398-0.9511162689886987/package' ]
48 verbose tarball /home/buu700/.npm/simplebtc/0.5.5/package.tgz
49 verbose folder /home/buu700/tmp/npm-11443-Lkv7h3MS/1407287016398-0.9511162689886987/package
50 silly lockFile 34310ab8-16398-0-9511162689886987-package tar:///home/buu700/tmp/npm-11443-Lkv7h3MS/1407287016398-0.9511162689886987/package
51 verbose lock tar:///home/buu700/tmp/npm-11443-Lkv7h3MS/1407287016398-0.9511162689886987/package /home/buu700/.npm/34310ab8-16398-0-9511162689886987-package.lock
52 silly lockFile eae1ec11--npm-simplebtc-0-5-5-package-tgz tar:///home/buu700/.npm/simplebtc/0.5.5/package.tgz
53 verbose lock tar:///home/buu700/.npm/simplebtc/0.5.5/package.tgz /home/buu700/.npm/eae1ec11--npm-simplebtc-0-5-5-package-tgz.lock
54 silly lockFile 34310ab8-16398-0-9511162689886987-package tar:///home/buu700/tmp/npm-11443-Lkv7h3MS/1407287016398-0.9511162689886987/package
55 silly lockFile 34310ab8-16398-0-9511162689886987-package tar:///home/buu700/tmp/npm-11443-Lkv7h3MS/1407287016398-0.9511162689886987/package
56 silly lockFile eae1ec11--npm-simplebtc-0-5-5-package-tgz tar:///home/buu700/.npm/simplebtc/0.5.5/package.tgz
57 silly lockFile eae1ec11--npm-simplebtc-0-5-5-package-tgz tar:///home/buu700/.npm/simplebtc/0.5.5/package.tgz
58 silly lockFile 08827c28-u700-npm-simplebtc-0-5-5-package /home/buu700/.npm/simplebtc/0.5.5/package
59 verbose lock /home/buu700/.npm/simplebtc/0.5.5/package /home/buu700/.npm/08827c28-u700-npm-simplebtc-0-5-5-package.lock
60 silly lockFile 08827c28-u700-npm-simplebtc-0-5-5-package /home/buu700/.npm/simplebtc/0.5.5/package
61 silly lockFile 08827c28-u700-npm-simplebtc-0-5-5-package /home/buu700/.npm/simplebtc/0.5.5/package
62 verbose tar unpack /home/buu700/.npm/simplebtc/0.5.5/package.tgz
63 silly lockFile c8c33e19-u700-npm-simplebtc-0-5-5-package tar:///home/buu700/.npm/simplebtc/0.5.5/package
64 verbose lock tar:///home/buu700/.npm/simplebtc/0.5.5/package /home/buu700/.npm/c8c33e19-u700-npm-simplebtc-0-5-5-package.lock
65 silly lockFile eae1ec11--npm-simplebtc-0-5-5-package-tgz tar:///home/buu700/.npm/simplebtc/0.5.5/package.tgz
66 verbose lock tar:///home/buu700/.npm/simplebtc/0.5.5/package.tgz /home/buu700/.npm/eae1ec11--npm-simplebtc-0-5-5-package-tgz.lock
67 silly gunzTarPerm modes [ '755', '644' ]
68 silly gunzTarPerm extractEntry package.json
69 silly gunzTarPerm extractEntry README.md
70 silly gunzTarPerm extractEntry LICENSE
71 silly gunzTarPerm extractEntry simplebtc-cli.js
72 silly gunzTarPerm extractEntry simplebtc-complete.js
73 silly gunzTarPerm extractEntry simplebtc-complete.min.js
74 silly gunzTarPerm extractEntry simplebtc.js
75 silly gunzTarPerm extractEntry deploy.sh
76 silly lockFile c8c33e19-u700-npm-simplebtc-0-5-5-package tar:///home/buu700/.npm/simplebtc/0.5.5/package
77 silly lockFile c8c33e19-u700-npm-simplebtc-0-5-5-package tar:///home/buu700/.npm/simplebtc/0.5.5/package
78 silly lockFile eae1ec11--npm-simplebtc-0-5-5-package-tgz tar:///home/buu700/.npm/simplebtc/0.5.5/package.tgz
79 silly lockFile eae1ec11--npm-simplebtc-0-5-5-package-tgz tar:///home/buu700/.npm/simplebtc/0.5.5/package.tgz
80 verbose chmod /home/buu700/.npm/simplebtc/0.5.5/package.tgz 644
81 verbose chown /home/buu700/.npm/simplebtc/0.5.5/package.tgz [ 1000, 1000 ]
82 silly lockFile 0ee6c175- ./
83 silly lockFile 0ee6c175- ./
84 silly publish { name: 'simplebtc',
84 silly publish   version: '0.5.5',
84 silly publish   description: 'High-level Bitcoin library and command line tool',
84 silly publish   main: 'simplebtc.js',
84 silly publish   scripts:
84 silly publish    { test: 'echo "Error: no test specified" && exit 1',
84 silly publish      install: 'echo \'complete -W "address balance history stream send" simplebtc\' > /etc/bash_completion.d/simplebtc' },
84 silly publish   repository: { type: 'git', url: 'git://github.com/buu700/simplebtc.git' },
84 silly publish   keywords: [ 'bitcoin', 'btc', 'blockchain', 'money', 'client', 'simple' ],
84 silly publish   author:
84 silly publish    { name: 'Ryan Lester',
84 silly publish      email: 'hacker@linux.com',
84 silly publish      url: 'https://github.com/buu700' },
84 silly publish   license: 'BSD-2-Clause',
84 silly publish   bugs: { url: 'https://github.com/buu700/simplebtc/issues' },
84 silly publish   dependencies:
84 silly publish    { xmlhttprequest: '*',
84 silly publish      'node-persist': '*',
84 silly publish      'bitcoinjs-lib': '*',
84 silly publish      bitcore: '*',
84 silly publish      'form-data': '*' },
84 silly publish   preferGlobal: 'true',
84 silly publish   bin: { simplebtc: 'simplebtc-cli.js' },
84 silly publish   readme: 'simplebtc\n==============\n\nHigh-level Bitcoin library and command line tool, used by [Token](http://token.cx)\n\nSimplebtc was built using [BitcoinJS](http://bitcoinjs.org/), [Bitcore](http://bitcore.io/), [Blockchain.info](http://blockchain.info/), and [Insight](http://insight.bitpay.com/).\n\n\n### Require (Node.js)\n\n```\n\tvar Wallet = require(\'simplebtc\').Wallet;\n```\n\n### Constructor\n\n```\n\tvar wallet = new Wallet(/* {\n\t\tlocalCurrency: \'USD\',\n\t\twif: \'Kzv6tgLee7NbNhv1Ch4kLqH8BpLHtHVEGnevKpCQ3wMq7drMjg14\',\n\t\taddress: \'1E4G7mwKozrTSUijjB2eFqgbU9zxToZbkz\'\n\t} */);\n```\n\nIf a [WIF](https://en.bitcoin.it/wiki/Wallet_import_format) is specified, it will be used to derive the private key and address, and money may be sent from the wallet.\n\nOtherwise, an address may be specified, in which case no private key will be generated and the wallet will be read-only.\n\nIf neither a WIF nor an address is specified, a new wallet with a new private key and address will be generated. This will not be read-only, but it will start off with a balance of 0 BTC.\n\n### Address\n\n```\n\twallet.address\t// 1E4G7mwKozrTSUijjB2eFqgbU9zxToZbkz\n```\n\nCommand line:\n\n```\n\t$ simplebtc address\n```\n\n### Balance\n\n```\n\twallet.getBalance(function (balance) {\n\t\t// balance == {btc: 0.0482, local: 30}\n\t});\n```\n\nCommand line:\n\n```\n\t$ simplebtc balance\n```\n\n### Transactions\n\n```\n\twallet.getTransactionHistory(function (transactions) {\n\t\t/* transactions == [{\n\t\t\tamount: 8.0606848794,\n\t\t\tisConfirmed: true,\n\t\t\tsenders: [\'13vexxX79cPv9UheXKHtPU3aefBX1zCv6R\'],\n\t\t\trecipients: [\'1E4G7mwKozrTSUijjB2eFqgbU9zxToZbkz\'],\n\t\t\ttime: Fri Jul 25 2014 21:16:09 GMT-0400 (EDT),\n\t\t\twasSentByMe: false\n\t\t}, ...] */\n\t});\n```\n\nCommand line:\n\n```\n\t$ simplebtc history\n```\n\n### Handle Receiving Money\n\n```\n\twallet.onReceive(function (transaction) {\n\n\t} /* , shouldIncludeUnconfirmed */);\n```\n\nCommand line:\n\n```\n\t$ simplebtc stream\n```\n\nNote: This will try to use browser local storage or [node-persist](https://github.com/simonlast/node-persist) to log previous transactions. If unavailable, the event will only be triggered by transactions which occur after this method was called.\n\n### Send Money\n\n```\n\twallet.send(\'1BTCorgHwCg6u2YSAWKgS17qUad6kHmtQW\', 30, function (wasSuccessful, responseMessage) {\n\t\t/*\n\t\t\twasSuccessful == true\n\t\t\tresponseMessage == \'Transaction Submitted\'\n\n\t\t\t$30 sent to Bitcoin Foundation\n\t\t*/\n\t});\n```\n\nCommand line:\n\n```\n\t$ simplebtc send [recipient address] [amount in local currency]\n```\n\nIf available, this method will deduct the transaction fee in addition to the specified amount; otherwise, the fee will be subtracted from the amount being sent.\n\nSimilar to Bitcoin-Qt, unspent transaction outputs which originated locally will be treated as confirmed.\n\n### Export Wallet to WIF\n\n```\n\twallet.key.toWIF()\t// KxMhr6RcBk9N2D8sZTsbjjfpbPonm4BnpTLZn8G4fdEUdoVvdkNC\n```\n\n### Install (Node.js / command line)\n\n```\n\t$ npm -g install simplebtc\n```\n',
84 silly publish   readmeFilename: 'README.md',
84 silly publish   _id: 'simplebtc@0.5.5',
84 silly publish   dist: { shasum: '23dc15481032efb130b726a6e17f19bd98707623' },
84 silly publish   _from: './' }
85 verbose url raw simplebtc
86 verbose url resolving [ 'https://registry.npmjs.org/', './simplebtc' ]
87 verbose url resolved https://registry.npmjs.org/simplebtc
88 info trying registry request attempt 1 at 21:03:37
89 http PUT https://registry.npmjs.org/simplebtc
90 http 201 https://registry.npmjs.org/simplebtc
91 verbose url raw simplebtc
92 verbose url resolving [ 'https://registry.npmjs.org/', './simplebtc' ]
93 verbose url resolved https://registry.npmjs.org/simplebtc
94 info trying registry request attempt 1 at 21:03:37
95 http GET https://registry.npmjs.org/simplebtc
96 http 200 https://registry.npmjs.org/simplebtc
97 verbose uploading [ 'simplebtc/-/simplebtc-0.5.5.tgz/-rev/70-028cc2939eff13d5218c903c5ab1651b',
97 verbose uploading   '/home/buu700/.npm/simplebtc/0.5.5/package.tgz' ]
98 verbose url raw simplebtc/-/simplebtc-0.5.5.tgz/-rev/70-028cc2939eff13d5218c903c5ab1651b
99 verbose url resolving [ 'https://registry.npmjs.org/',
99 verbose url resolving   './simplebtc/-/simplebtc-0.5.5.tgz/-rev/70-028cc2939eff13d5218c903c5ab1651b' ]
100 verbose url resolved https://registry.npmjs.org/simplebtc/-/simplebtc-0.5.5.tgz/-rev/70-028cc2939eff13d5218c903c5ab1651b
101 info trying registry request attempt 1 at 21:03:37
102 http PUT https://registry.npmjs.org/simplebtc/-/simplebtc-0.5.5.tgz/-rev/70-028cc2939eff13d5218c903c5ab1651b
103 http 502 https://registry.npmjs.org/simplebtc/-/simplebtc-0.5.5.tgz/-rev/70-028cc2939eff13d5218c903c5ab1651b
104 verbose bad json <!DOCTYPE HTML PUBLIC "-//IETF//DTD HTML 2.0//EN">
104 verbose bad json <html><head>
104 verbose bad json <title>502 Bad Gateway</title>
104 verbose bad json </head><body>
104 verbose bad json <h1>Bad Gateway</h1>
104 verbose bad json <p>The proxy server received an invalid
104 verbose bad json response from an upstream server.<br />
104 verbose bad json </p>
104 verbose bad json </body></html>
105 error registry error parsing json
106 info retry will retry, error on last attempt: SyntaxError: Unexpected token <
106 info retry <!DOCTYPE HTML PUBLIC "-//IETF//DTD HTML 2.0//EN">
106 info retry <html><head>
106 info retry <title>502 Bad Gateway</title>
106 info retry </head><body>
106 info retry <h1>Bad Gateway</h1>
106 info retry <p>The proxy server received an invalid
106 info retry response from an upstream server.<br />
106 info retry </p>
106 info retry </body></html>
107 info trying registry request attempt 2 at 21:03:49
108 http PUT https://registry.npmjs.org/simplebtc/-/simplebtc-0.5.5.tgz/-rev/70-028cc2939eff13d5218c903c5ab1651b
109 http 400 https://registry.npmjs.org/simplebtc/-/simplebtc-0.5.5.tgz/-rev/70-028cc2939eff13d5218c903c5ab1651b
110 verbose bad json <!DOCTYPE HTML PUBLIC "-//IETF//DTD HTML 2.0//EN">
110 verbose bad json <html><head>
110 verbose bad json <title>400 Bad Request</title>
110 verbose bad json </head><body>
110 verbose bad json <h1>Bad Request</h1>
110 verbose bad json <p>Your browser sent a request that this server could not understand.<br />
110 verbose bad json </p>
110 verbose bad json </body></html>
111 error registry error parsing json
112 info trying registry request attempt 1 at 21:04:51
113 http PUT https://registry.npmjs.org/simplebtc/-/simplebtc-0.5.5.tgz/-rev/70-028cc2939eff13d5218c903c5ab1651b
114 http 400 https://registry.npmjs.org/simplebtc/-/simplebtc-0.5.5.tgz/-rev/70-028cc2939eff13d5218c903c5ab1651b
115 verbose bad json <!DOCTYPE HTML PUBLIC "-//IETF//DTD HTML 2.0//EN">
115 verbose bad json <html><head>
115 verbose bad json <title>400 Bad Request</title>
115 verbose bad json </head><body>
115 verbose bad json <h1>Bad Request</h1>
115 verbose bad json <p>Your browser sent a request that this server could not understand.<br />
115 verbose bad json </p>
115 verbose bad json </body></html>
116 error registry error parsing json
117 error publish Error uploading package
118 error SyntaxError: Unexpected token <
118 error <!DOCTYPE HTML PUBLIC "-//IETF//DTD HTML 2.0//EN">
118 error <html><head>
118 error <title>400 Bad Request</title>
118 error </head><body>
118 error <h1>Bad Request</h1>
118 error <p>Your browser sent a request that this server could not understand.<br />
118 error </p>
118 error </body></html>
118 error
118 error     at Object.parse (native)
118 error     at RegClient.<anonymous> (/usr/share/npm/node_modules/npm-registry-client/lib/request.js:238:23)
118 error     at Request.self.callback (/usr/lib/nodejs/request/index.js:148:22)
118 error     at Request.EventEmitter.emit (events.js:98:17)
118 error     at Request.<anonymous> (/usr/lib/nodejs/request/index.js:896:14)
118 error     at Request.EventEmitter.emit (events.js:117:20)
118 error     at IncomingMessage.<anonymous> (/usr/lib/nodejs/request/index.js:847:12)
118 error     at IncomingMessage.EventEmitter.emit (events.js:117:20)
118 error     at _stream_readable.js:920:16
118 error     at process._tickCallback (node.js:415:13)
119 error If you need help, you may report this log at:
119 error     <http://github.com/isaacs/npm/issues>
119 error or email it to:
119 error     <npm-@googlegroups.com>
120 error System Linux 3.14.1-031401-generic
121 error command "/usr/bin/nodejs" "/usr/bin/npm" "publish" "./"
122 error cwd /home/buu700/simplebtc
123 error node -v v0.10.25
124 error npm -v 1.3.10
125 error type unexpected_token
126 verbose exit [ 1, true ]
